
   LogicException 

  Please make sure the PHP Redis extension is installed and enabled.

  at docker-test-laravel/vendor/laravel/framework/src/Illuminate/Redis/Connectors/PhpRedisConnector.php:81
     77▕     protected function createClient(array $config)
     78▕     {
     79▕         return tap(new Redis, function ($client) use ($config) {
     80▕             if ($client instanceof RedisFacade) {
  ➜  81▕                 throw new LogicException(
     82▕                     extension_loaded('redis')
     83▕                         ? 'Please remove or rename the Redis facade alias in your "app" configuration file in order to avoid collision with the PHP Redis extension.'
     84▕                         : 'Please make sure the PHP Redis extension is installed and enabled.'
     85▕                 );

      [2m+23 vendor frames [22m

  24  docker-test-laravel/artisan:35
      Illuminate\Foundation\Console\Kernel::handle()


   LogicException 

  Please make sure the PHP Redis extension is installed and enabled.

  at docker-test-laravel/vendor/laravel/framework/src/Illuminate/Redis/Connectors/PhpRedisConnector.php:81
     77▕     protected function createClient(array $config)
     78▕     {
     79▕         return tap(new Redis, function ($client) use ($config) {
     80▕             if ($client instanceof RedisFacade) {
  ➜  81▕                 throw new LogicException(
     82▕                     extension_loaded('redis')
     83▕                         ? 'Please remove or rename the Redis facade alias in your "app" configuration file in order to avoid collision with the PHP Redis extension.'
     84▕                         : 'Please make sure the PHP Redis extension is installed and enabled.'
     85▕                 );

      [2m+23 vendor frames [22m

  24  docker-test-laravel/artisan:35
      Illuminate\Foundation\Console\Kernel::handle()


   LogicException 

  Please make sure the PHP Redis extension is installed and enabled.

  at docker-test-laravel/vendor/laravel/framework/src/Illuminate/Redis/Connectors/PhpRedisConnector.php:81
     77▕     protected function createClient(array $config)
     78▕     {
     79▕         return tap(new Redis, function ($client) use ($config) {
     80▕             if ($client instanceof RedisFacade) {
  ➜  81▕                 throw new LogicException(
     82▕                     extension_loaded('redis')
     83▕                         ? 'Please remove or rename the Redis facade alias in your "app" configuration file in order to avoid collision with the PHP Redis extension.'
     84▕                         : 'Please make sure the PHP Redis extension is installed and enabled.'
     85▕                 );

      [2m+23 vendor frames [22m

  24  docker-test-laravel/artisan:35
      Illuminate\Foundation\Console\Kernel::handle()


   LogicException 

  Please make sure the PHP Redis extension is installed and enabled.

  at docker-test-laravel/vendor/laravel/framework/src/Illuminate/Redis/Connectors/PhpRedisConnector.php:81
     77▕     protected function createClient(array $config)
     78▕     {
     79▕         return tap(new Redis, function ($client) use ($config) {
     80▕             if ($client instanceof RedisFacade) {
  ➜  81▕                 throw new LogicException(
     82▕                     extension_loaded('redis')
     83▕                         ? 'Please remove or rename the Redis facade alias in your "app" configuration file in order to avoid collision with the PHP Redis extension.'
     84▕                         : 'Please make sure the PHP Redis extension is installed and enabled.'
     85▕                 );

      [2m+23 vendor frames [22m

  24  docker-test-laravel/artisan:35
      Illuminate\Foundation\Console\Kernel::handle()


   LogicException 

  Please make sure the PHP Redis extension is installed and enabled.

  at docker-test-laravel/vendor/laravel/framework/src/Illuminate/Redis/Connectors/PhpRedisConnector.php:81
     77▕     protected function createClient(array $config)
     78▕     {
     79▕         return tap(new Redis, function ($client) use ($config) {
     80▕             if ($client instanceof RedisFacade) {
  ➜  81▕                 throw new LogicException(
     82▕                     extension_loaded('redis')
     83▕                         ? 'Please remove or rename the Redis facade alias in your "app" configuration file in order to avoid collision with the PHP Redis extension.'
     84▕                         : 'Please make sure the PHP Redis extension is installed and enabled.'
     85▕                 );

      [2m+23 vendor frames [22m

  24  docker-test-laravel/artisan:35
      Illuminate\Foundation\Console\Kernel::handle()


   LogicException 

  Please make sure the PHP Redis extension is installed and enabled.

  at docker-test-laravel/vendor/laravel/framework/src/Illuminate/Redis/Connectors/PhpRedisConnector.php:81
     77▕     protected function createClient(array $config)
     78▕     {
     79▕         return tap(new Redis, function ($client) use ($config) {
     80▕             if ($client instanceof RedisFacade) {
  ➜  81▕                 throw new LogicException(
     82▕                     extension_loaded('redis')
     83▕                         ? 'Please remove or rename the Redis facade alias in your "app" configuration file in order to avoid collision with the PHP Redis extension.'
     84▕                         : 'Please make sure the PHP Redis extension is installed and enabled.'
     85▕                 );

      [2m+23 vendor frames [22m

  24  docker-test-laravel/artisan:35
      Illuminate\Foundation\Console\Kernel::handle()


   LogicException 

  Please make sure the PHP Redis extension is installed and enabled.

  at docker-test-laravel/vendor/laravel/framework/src/Illuminate/Redis/Connectors/PhpRedisConnector.php:81
     77▕     protected function createClient(array $config)
     78▕     {
     79▕         return tap(new Redis, function ($client) use ($config) {
     80▕             if ($client instanceof RedisFacade) {
  ➜  81▕                 throw new LogicException(
     82▕                     extension_loaded('redis')
     83▕                         ? 'Please remove or rename the Redis facade alias in your "app" configuration file in order to avoid collision with the PHP Redis extension.'
     84▕                         : 'Please make sure the PHP Redis extension is installed and enabled.'
     85▕                 );

      [2m+23 vendor frames [22m

  24  docker-test-laravel/artisan:35
      Illuminate\Foundation\Console\Kernel::handle()


   LogicException 

  Please make sure the PHP Redis extension is installed and enabled.

  at docker-test-laravel/vendor/laravel/framework/src/Illuminate/Redis/Connectors/PhpRedisConnector.php:81
     77▕     protected function createClient(array $config)
     78▕     {
     79▕         return tap(new Redis, function ($client) use ($config) {
     80▕             if ($client instanceof RedisFacade) {
  ➜  81▕                 throw new LogicException(
     82▕                     extension_loaded('redis')
     83▕                         ? 'Please remove or rename the Redis facade alias in your "app" configuration file in order to avoid collision with the PHP Redis extension.'
     84▕                         : 'Please make sure the PHP Redis extension is installed and enabled.'
     85▕                 );

      [2m+23 vendor frames [22m

  24  docker-test-laravel/artisan:35
      Illuminate\Foundation\Console\Kernel::handle()


   LogicException 

  Please make sure the PHP Redis extension is installed and enabled.

  at docker-test-laravel/vendor/laravel/framework/src/Illuminate/Redis/Connectors/PhpRedisConnector.php:81
     77▕     protected function createClient(array $config)
     78▕     {
     79▕         return tap(new Redis, function ($client) use ($config) {
     80▕             if ($client instanceof RedisFacade) {
  ➜  81▕                 throw new LogicException(
     82▕                     extension_loaded('redis')
     83▕                         ? 'Please remove or rename the Redis facade alias in your "app" configuration file in order to avoid collision with the PHP Redis extension.'
     84▕                         : 'Please make sure the PHP Redis extension is installed and enabled.'
     85▕                 );

      [2m+23 vendor frames [22m

  24  docker-test-laravel/artisan:35
      Illuminate\Foundation\Console\Kernel::handle()


   Error 

  Class "Redis" not found

  at CT550/backend/vendor/laravel/framework/src/Illuminate/Redis/Connectors/PhpRedisConnector.php:79
     75▕      * @throws \LogicException
     76▕      */
     77▕     protected function createClient(array $config)
     78▕     {
  ➜  79▕         return tap(new Redis, function ($client) use ($config) {
     80▕             if ($client instanceof RedisFacade) {
     81▕                 throw new LogicException(
     82▕                     extension_loaded('redis')
     83▕                         ? 'Please remove or rename the Redis facade alias in your "app" configuration file in order to avoid collision with the PHP Redis extension.'

      [2m+21 vendor frames [22m

  22  CT550/backend/artisan:35
      Illuminate\Foundation\Console\Kernel::handle()


   Error 

  Class "Redis" not found

  at CT550/backend/vendor/laravel/framework/src/Illuminate/Redis/Connectors/PhpRedisConnector.php:79
     75▕      * @throws \LogicException
     76▕      */
     77▕     protected function createClient(array $config)
     78▕     {
  ➜  79▕         return tap(new Redis, function ($client) use ($config) {
     80▕             if ($client instanceof RedisFacade) {
     81▕                 throw new LogicException(
     82▕                     extension_loaded('redis')
     83▕                         ? 'Please remove or rename the Redis facade alias in your "app" configuration file in order to avoid collision with the PHP Redis extension.'

      [2m+21 vendor frames [22m

  22  CT550/backend/artisan:35
      Illuminate\Foundation\Console\Kernel::handle()


   Error 

  Class "Redis" not found

  at CT550/backend/vendor/laravel/framework/src/Illuminate/Redis/Connectors/PhpRedisConnector.php:79
     75▕      * @throws \LogicException
     76▕      */
     77▕     protected function createClient(array $config)
     78▕     {
  ➜  79▕         return tap(new Redis, function ($client) use ($config) {
     80▕             if ($client instanceof RedisFacade) {
     81▕                 throw new LogicException(
     82▕                     extension_loaded('redis')
     83▕                         ? 'Please remove or rename the Redis facade alias in your "app" configuration file in order to avoid collision with the PHP Redis extension.'

      [2m+21 vendor frames [22m

  22  CT550/backend/artisan:35
      Illuminate\Foundation\Console\Kernel::handle()


   Error 

  Class "Redis" not found

  at CT550/backend/vendor/laravel/framework/src/Illuminate/Redis/Connectors/PhpRedisConnector.php:79
     75▕      * @throws \LogicException
     76▕      */
     77▕     protected function createClient(array $config)
     78▕     {
  ➜  79▕         return tap(new Redis, function ($client) use ($config) {
     80▕             if ($client instanceof RedisFacade) {
     81▕                 throw new LogicException(
     82▕                     extension_loaded('redis')
     83▕                         ? 'Please remove or rename the Redis facade alias in your "app" configuration file in order to avoid collision with the PHP Redis extension.'

      [2m+21 vendor frames [22m

  22  CT550/backend/artisan:35
      Illuminate\Foundation\Console\Kernel::handle()


   Error 

  Class "Redis" not found

  at CT550/backend/vendor/laravel/framework/src/Illuminate/Redis/Connectors/PhpRedisConnector.php:79
     75▕      * @throws \LogicException
     76▕      */
     77▕     protected function createClient(array $config)
     78▕     {
  ➜  79▕         return tap(new Redis, function ($client) use ($config) {
     80▕             if ($client instanceof RedisFacade) {
     81▕                 throw new LogicException(
     82▕                     extension_loaded('redis')
     83▕                         ? 'Please remove or rename the Redis facade alias in your "app" configuration file in order to avoid collision with the PHP Redis extension.'

      [2m+21 vendor frames [22m

  22  CT550/backend/artisan:35
      Illuminate\Foundation\Console\Kernel::handle()

the input device is not a TTY
the input device is not a TTY
the input device is not a TTY
the input device is not a TTY
the input device is not a TTY
the input device is not a TTY

  2024-10-08 03:43:01 Running ['artisan' batch:update-status] ..... 193ms DONE
  ⇂ '/usr/local/bin/php' 'artisan' batch:update-status > '/dev/null' 2>&1  

Error response from daemon: No such container: ct550-app
Error response from daemon: No such container: ct550-app
Error response from daemon: No such container: ct550-app

  2024-10-08 13:02:01 Running ['artisan' batch:update-status] ..... 206ms DONE
  ⇂ '/usr/local/bin/php' 'artisan' batch:update-status > '/dev/null' 2>&1  


  2024-10-08 13:03:01 Running ['artisan' batch:update-status] ..... 166ms DONE
  ⇂ '/usr/local/bin/php' 'artisan' batch:update-status > '/dev/null' 2>&1  


  2024-10-08 13:04:01 Running ['artisan' batch:update-status] ..... 167ms DONE
  ⇂ '/usr/local/bin/php' 'artisan' batch:update-status > '/dev/null' 2>&1  


  2024-10-08 13:10:01 Running ['artisan' batch:update-status] ..... 170ms DONE
  ⇂ '/usr/local/bin/php' 'artisan' batch:update-status > '/dev/null' 2>&1  


  2024-10-08 13:11:01 Running ['artisan' batch:update-status] ..... 170ms DONE
  ⇂ '/usr/local/bin/php' 'artisan' batch:update-status > '/dev/null' 2>&1  


  2024-10-15 21:56:01 Running ['artisan' batch:update-status] ..... 244ms DONE
  ⇂ '/usr/local/bin/php' 'artisan' batch:update-status > '/dev/null' 2>&1  


   INFO  No scheduled commands are ready to run.  


  2024-10-15 21:58:01 Running ['artisan' app:update-order-status] . 199ms DONE
  ⇂ '/usr/local/bin/php' 'artisan' app:update-order-status > '/dev/null' 2>&1  


  2024-10-15 21:59:01 Running ['artisan' app:update-order-status] . 168ms DONE
  ⇂ '/usr/local/bin/php' 'artisan' app:update-order-status > '/dev/null' 2>&1  

