Order ID  has been updated to payment_failed.
Error response from daemon: No such container: ct550-app
Error response from daemon: No such container: ct550-app
Error response from daemon: No such container: ct550-app
Error response from daemon: No such container: ct550-app
Error response from daemon: No such container: ct550-app
Error response from daemon: No such container: ct550-app
Error response from daemon: No such container: ct550-app
Error response from daemon: No such container: ct550-app
Error response from daemon: No such container: ct550-app
Error response from daemon: No such container: ct550-app
Error response from daemon: No such container: ct550-app
Error response from daemon: No such container: ct550-app
Error response from daemon: No such container: ct550-app
Error response from daemon: No such container: ct550-app
Error response from daemon: No such container: ct550-app
Error response from daemon: No such container: ct550-app
Error response from daemon: No such container: ct550-app
Error response from daemon: No such container: ct550-app
Error response from daemon: No such container: ct550-app
Error response from daemon: No such container: ct550-app
Error response from daemon: No such container: ct550-app
Error response from daemon: No such container: ct550-app
Error response from daemon: No such container: ct550-app
Error response from daemon: No such container: ct550-app
Error response from daemon: No such container: ct550-app
Error response from daemon: No such container: ct550-app
Error response from daemon: No such container: ct550-app
Error response from daemon: No such container: ct550-app
Error response from daemon: No such container: ct550-app
Error response from daemon: No such container: ct550-app
Error response from daemon: No such container: ct550-app
Error response from daemon: No such container: ct550-app
Error response from daemon: No such container: ct550-app
Error response from daemon: No such container: ct550-app
Error response from daemon: No such container: ct550-app
Error response from daemon: No such container: ct550-app
Error response from daemon: No such container: ct550-app
Error response from daemon: No such container: ct550-app
Error response from daemon: No such container: ct550-app
Error response from daemon: No such container: ct550-app
Error response from daemon: No such container: ct550-app
Error response from daemon: No such container: ct550-app
Error response from daemon: No such container: ct550-app
Error response from daemon: No such container: ct550-app
Error response from daemon: No such container: ct550-app
Error response from daemon: No such container: ct550-app
Error response from daemon: No such container: ct550-app
Error response from daemon: No such container: ct550-app
Error response from daemon: No such container: ct550-app
Error response from daemon: No such container: ct550-app
Error response from daemon: No such container: ct550-app
Error response from daemon: No such container: ct550-app
Error response from daemon: No such container: ct550-app
Error response from daemon: No such container: ct550-app
Error response from daemon: No such container: ct550-app
Error response from daemon: No such container: ct550-app
Error response from daemon: No such container: ct550-app
Error response from daemon: No such container: ct550-app
Error response from daemon: No such container: ct550-app
Error response from daemon: No such container: ct550-app
Error response from daemon: No such container: ct550-app
Error response from daemon: No such container: ct550-app
Error response from daemon: No such container: ct550-app
Error response from daemon: No such container: ct550-app
Error response from daemon: No such container: ct550-app
Error response from daemon: No such container: ct550-app
Error response from daemon: No such container: ct550-app
Error response from daemon: No such container: ct550-app
Error response from daemon: No such container: ct550-app
Error response from daemon: No such container: ct550-app
Error response from daemon: No such container: ct550-app
Error response from daemon: No such container: ct550-app
Error response from daemon: No such container: ct550-app
Error response from daemon: No such container: ct550-app
Error response from daemon: No such container: ct550-app
Error response from daemon: No such container: ct550-app
Error response from daemon: No such container: ct550-app
Error response from daemon: No such container: ct550-app
Error response from daemon: No such container: ct550-app
Error response from daemon: No such container: ct550-app
Error response from daemon: No such container: ct550-app
Error response from daemon: No such container: ct550-app
Error response from daemon: No such container: ct550-app
Error response from daemon: No such container: ct550-app
Error response from daemon: No such container: ct550-app
Error response from daemon: No such container: ct550-app
Error response from daemon: No such container: ct550-app
Error response from daemon: No such container: ct550-app
Error response from daemon: No such container: ct550-app
Error response from daemon: No such container: ct550-app
Error response from daemon: No such container: ct550-app
Error response from daemon: No such container: ct550-app
Error response from daemon: No such container: ct550-app
Error response from daemon: No such container: ct550-app
Error response from daemon: No such container: ct550-app
Error response from daemon: No such container: ct550-app
Error response from daemon: No such container: ct550-app
Error response from daemon: No such container: ct550-app
Error response from daemon: No such container: ct550-app
Error response from daemon: No such container: ct550-app
Error response from daemon: No such container: ct550-app
Error response from daemon: No such container: ct550-app
Error response from daemon: No such container: ct550-app
Error response from daemon: No such container: ct550-app

   ErrorException 

  Array to string conversion

  at vendor/laravel/framework/src/Illuminate/Routing/RouteFileRegistrar.php:35
     31▕     public function register($routes)
     32▕     {
     33▕         $router = $this->router;
     34▕ 
  ➜  35▕         require $routes;
     36▕     }
     37▕ }
     38▕

      [2m+4 vendor frames [22m

  5   app/Providers/RouteServiceProvider.php:34
      Illuminate\Routing\RouteRegistrar::group("/var/www/routes/api.php")
      [2m+15 vendor frames [22m

  21  [internal]:0
      Illuminate\Foundation\Application::Illuminate\Foundation\{closure}(Object(App\Providers\RouteServiceProvider))


   ParseError 

  syntax error, unexpected token "<<", expecting end of file

  at routes/api/cart.php:6
      2▕ 
      3▕ use Illuminate\Support\Facades\Route;
      4▕ use App\Http\Controllers\API\Cart\CartController;
      5▕ 
  ➜   6▕ <<<<<<<<<<<<<<  ✨ Codeium Command 🌟  >>>>>>>>>>>>>>>>
      7▕ Route::prefix('/cart')->group(function () {
      8▕     Route::get('/', [CartController::class, 'get'])->middleware('role:normal_user|loyal_user,api');
      9▕     Route::get('/user/count', [CartController::class, 'count'])->middleware('role:normal_user|loyal_user,api');
     10▕     Route::post('/', [CartController::class, 'create'])->middleware(['role:normal_user|loyal_user,api', 'permission:add to cart']);

      [2m+4 vendor frames [22m

  5   app/Providers/RouteServiceProvider.php:34
      Illuminate\Routing\RouteRegistrar::group("/var/www/routes/api.php")
      [2m+15 vendor frames [22m

  21  [internal]:0
      Illuminate\Foundation\Application::Illuminate\Foundation\{closure}(Object(App\Providers\RouteServiceProvider))


   LogicException 

  Route is not bound.

  at vendor/laravel/framework/src/Illuminate/Routing/Route.php:470
    466▕         if (isset($this->parameters)) {
    467▕             return $this->parameters;
    468▕         }
    469▕ 
  ➜ 470▕         throw new LogicException('Route is not bound.');
    471▕     }
    472▕ 
    473▕     /**
    474▕      * Get the key / value list of original parameters for the route.

      [2m+2 vendor frames [22m

  3   routes/api/cart.php:13
      Illuminate\Routing\Route::__get("Route")
      [2m+3 vendor frames [22m

  7   routes/api/cart.php:6
      Illuminate\Routing\RouteRegistrar::group(Object(Closure))

Error response from daemon: No such container: ct550-app
